{"uuid":"1c724daa-7689-4b36-88f7-d523092a4e67","historyId":"a183817bf3cb861b7ca91bc774c749d","testCaseId":"[engine:junit-jupiter]/[class:apiAuto.UserApiTest]/[method:testGetUserWithInvalidId()]","testCaseName":"Negative Test 1: Get User with Invalid ID - Should return error","fullName":"apiAuto.UserApiTest.testGetUserWithInvalidId","labels":[{"name":"junit.platform.uniqueid","value":"[engine:junit-jupiter]/[class:apiAuto.UserApiTest]/[method:testGetUserWithInvalidId()]"},{"name":"host","value":"LAPTOP-L96A00T5"},{"name":"thread","value":"21008@LAPTOP-L96A00T5.Test worker(3)"},{"name":"framework","value":"junit-platform"},{"name":"language","value":"java"},{"name":"package","value":"apiAuto.UserApiTest"},{"name":"testClass","value":"apiAuto.UserApiTest"},{"name":"testMethod","value":"testGetUserWithInvalidId"},{"name":"suite","value":"apiAuto.UserApiTest"}],"links":[],"name":"Negative Test 1: Get User with Invalid ID - Should return error","status":"failed","statusDetails":{"known":false,"muted":false,"flaky":false,"message":"Should not return user data for invalid ID ==> Unexpected exception type thrown, expected: <java.lang.Exception> but was: <java.lang.AssertionError>","trace":"org.opentest4j.AssertionFailedError: Should not return user data for invalid ID ==> Unexpected exception type thrown, expected: <java.lang.Exception> but was: <java.lang.AssertionError>\r\n\tat org.junit.jupiter.api.AssertionFailureBuilder.build(AssertionFailureBuilder.java:151)\r\n\tat org.junit.jupiter.api.AssertThrows.assertThrows(AssertThrows.java:67)\r\n\tat org.junit.jupiter.api.AssertThrows.assertThrows(AssertThrows.java:39)\r\n\tat org.junit.jupiter.api.Assertions.assertThrows(Assertions.java:3131)\r\n\tat apiAuto.UserApiTest.testGetUserWithInvalidId(UserApiTest.java:295)\r\n\tat java.base/java.lang.reflect.Method.invoke(Method.java:565)\r\n\tat java.base/java.util.ArrayList.forEach(ArrayList.java:1604)\r\n\tat java.base/java.util.ArrayList.forEach(ArrayList.java:1604)\r\nCaused by: java.lang.AssertionError: 1 expectation failed.\nJSON path id doesn't match.\nExpected: invalid_user_id_123\n  Actual: null\n\r\n\tat java.base/jdk.internal.reflect.DirectConstructorHandleAccessor.newInstance(DirectConstructorHandleAccessor.java:62)\r\n\tat java.base/java.lang.reflect.Constructor.newInstanceWithCaller(Constructor.java:499)\r\n\tat java.base/java.lang.reflect.Constructor.newInstance(Constructor.java:483)\r\n\tat org.codehaus.groovy.reflection.CachedConstructor.invoke(CachedConstructor.java:73)\r\n\tat org.codehaus.groovy.runtime.callsite.ConstructorSite$ConstructorSiteNoUnwrapNoCoerce.callConstructor(ConstructorSite.java:108)\r\n\tat org.codehaus.groovy.runtime.callsite.CallSiteArray.defaultCallConstructor(CallSiteArray.java:57)\r\n\tat org.codehaus.groovy.runtime.callsite.AbstractCallSite.callConstructor(AbstractCallSite.java:263)\r\n\tat org.codehaus.groovy.runtime.callsite.AbstractCallSite.callConstructor(AbstractCallSite.java:277)\r\n\tat io.restassured.internal.ResponseSpecificationImpl$HamcrestAssertionClosure.validate(ResponseSpecificationImpl.groovy:512)\r\n\tat io.restassured.internal.ResponseSpecificationImpl$HamcrestAssertionClosure$validate$1.call(Unknown Source)\r\n\tat io.restassured.internal.ResponseSpecificationImpl.validateResponseIfRequired(ResponseSpecificationImpl.groovy:696)\r\n\tat io.restassured.internal.ResponseSpecificationImpl.this$2$validateResponseIfRequired(ResponseSpecificationImpl.groovy)\r\n\tat java.base/jdk.internal.reflect.DirectMethodHandleAccessor.invoke(DirectMethodHandleAccessor.java:104)\r\n\tat java.base/java.lang.reflect.Method.invoke(Method.java:565)\r\n\tat org.codehaus.groovy.runtime.callsite.PlainObjectMetaMethodSite.doInvoke(PlainObjectMetaMethodSite.java:43)\r\n\tat org.codehaus.groovy.runtime.callsite.PogoMetaMethodSite$PogoCachedMethodSiteNoUnwrapNoCoerce.invoke(PogoMetaMethodSite.java:198)\r\n\tat org.codehaus.groovy.runtime.callsite.PogoMetaMethodSite.callCurrent(PogoMetaMethodSite.java:62)\r\n\tat org.codehaus.groovy.runtime.callsite.AbstractCallSite.callCurrent(AbstractCallSite.java:185)\r\n\tat io.restassured.internal.ResponseSpecificationImpl.body(ResponseSpecificationImpl.groovy:270)\r\n\tat io.restassured.specification.ResponseSpecification$body$1.callCurrent(Unknown Source)\r\n\tat org.codehaus.groovy.runtime.callsite.CallSiteArray.defaultCallCurrent(CallSiteArray.java:49)\r\n\tat io.restassured.specification.ResponseSpecification$body$1.callCurrent(Unknown Source)\r\n\tat io.restassured.internal.ResponseSpecificationImpl.body(ResponseSpecificationImpl.groovy:117)\r\n\tat io.restassured.internal.ValidatableResponseOptionsImpl.body(ValidatableResponseOptionsImpl.java:244)\r\n\tat apiAuto.UserApiTest.lambda$testGetUserWithInvalidId$0(UserApiTest.java:296)\r\n\tat org.junit.jupiter.api.AssertThrows.assertThrows(AssertThrows.java:53)\r\n\t... 6 more\r\n"},"stage":"finished","description":"","steps":[],"attachments":[],"parameters":[],"start":1755576002124,"stop":1755576002660}